WH_DrugControl/sdkproject/build/outputs/logs/manifest-merger-product-report.txt
-- Merging decision tree log ---
manifest
ADDED from WH_DrugControl/sdkproject/AndroidManifest.xml:2:1-10:12
INJECTED from WH_DrugControl/sdkproject/AndroidManifest.xml:2:1-10:12
INJECTED from WH_DrugControl/sdkproject/AndroidManifest.xml:2:1-10:12
INJECTED from WH_DrugControl/sdkproject/AndroidManifest.xml:2:1-10:12
INJECTED from WH_DrugControl/sdkproject/AndroidManifest.xml:2:1-10:12
INJECTED from WH_DrugControl/sdkproject/AndroidManifest.xml:2:1-10:12
INJECTED from WH_DrugControl/sdkproject/AndroidManifest.xml:2:1-10:12
	package
		ADDED from WH_DrugControl/sdkproject/AndroidManifest.xml:3:5-38
		INJECTED from WH_DrugControl/sdkproject/AndroidManifest.xml
		INJECTED from WH_DrugControl/sdkproject/AndroidManifest.xml
	android:versionName
		ADDED from WH_DrugControl/sdkproject/AndroidManifest.xml:5:5-30
		INJECTED from WH_DrugControl/sdkproject/AndroidManifest.xml
		INJECTED from WH_DrugControl/sdkproject/AndroidManifest.xml
	xmlns:android
		ADDED from WH_DrugControl/sdkproject/AndroidManifest.xml:2:11-69
	android:versionCode
		ADDED from WH_DrugControl/sdkproject/AndroidManifest.xml:4:5-28
		INJECTED from WH_DrugControl/sdkproject/AndroidManifest.xml
		INJECTED from WH_DrugControl/sdkproject/AndroidManifest.xml
uses-sdk
ADDED from WH_DrugControl/sdkproject/AndroidManifest.xml:6:5-8:41
	android:targetSdkVersion
		ADDED from WH_DrugControl/sdkproject/AndroidManifest.xml:8:9-38
	android:minSdkVersion
		ADDED from WH_DrugControl/sdkproject/AndroidManifest.xml:7:9-35
uses-permission#android.permission.CAMERA
ADDED from WH_DrugControl/sdkproject/AndroidManifest.xml:9:5-64
	android:name
		ADDED from WH_DrugControl/sdkproject/AndroidManifest.xml:9:22-62